Removed Pin From Net: NetName=BUTTON4 Pin=SW1-1
Removed Pin From Net: NetName=BUTTON4 Pin=SW1-1
Removed Pin From Net: NetName=3V3 Pin=SW1-2
Removed Pin From Net: NetName=3V3 Pin=SW1-2
Removed Pin From Net: NetName=GND Pin=SW2-1
Removed Pin From Net: NetName=GND Pin=SW2-1
Removed Pin From Net: NetName=RESET Pin=SW2-2
Removed Pin From Net: NetName=RESET Pin=SW2-2
Removed Pin From Net: NetName=BUTTON2 Pin=SW3-1
Removed Pin From Net: NetName=BUTTON2 Pin=SW3-1
Removed Pin From Net: NetName=3V3 Pin=SW3-2
Removed Pin From Net: NetName=3V3 Pin=SW3-2
Removed Pin From Net: NetName=BUTTON1 Pin=SW4-1
Removed Pin From Net: NetName=BUTTON1 Pin=SW4-1
Removed Pin From Net: NetName=3V3 Pin=SW4-2
Removed Pin From Net: NetName=3V3 Pin=SW4-2
Removed Pin From Net: NetName=BUTTON3 Pin=SW5-1
Removed Pin From Net: NetName=BUTTON3 Pin=SW5-1
Removed Pin From Net: NetName=3V3 Pin=SW5-2
Removed Pin From Net: NetName=3V3 Pin=SW5-2
Removed Member From Class: ClassName=eink_r1 Member=SW1
Removed Member From Class: ClassName=eink_r1 Member=SW2
Removed Member From Class: ClassName=eink_r1 Member=SW3
Removed Member From Class: ClassName=eink_r1 Member=SW4
Removed Member From Class: ClassName=eink_r1 Member=SW5
Change Component Designator: OldDesignator=S1 NewDesignator=S2
Added Component: Designator=S1(SW_PTS636_SM43J_SMTR_LFS)
Add component (AddParameter): Name = "Availability"; Value = "Unavailable"; VariantName = "[No Variations]"
Add component (AddParameter): Name = "MF"; Value = ""; VariantName = "[No Variations]"
Add component (AddParameter): Name = "MP"; Value = "PTS636_SM43J_SMTR_LFS"; VariantName = "[No Variations]"
Add component (AddParameter): Name = "Package"; Value = "None"; VariantName = "[No Variations]"
Add component (AddParameter): Name = "Price"; Value = "None"; VariantName = "[No Variations]"
Add component (AddParameter): Name = "Value"; Value = ""; VariantName = "[No Variations]"
Added Component: Designator=S3(SW_PTS636_SM43J_SMTR_LFS)
Add component (AddParameter): Name = "Availability"; Value = "Unavailable"; VariantName = "[No Variations]"
Add component (AddParameter): Name = "MF"; Value = ""; VariantName = "[No Variations]"
Add component (AddParameter): Name = "MP"; Value = "PTS636_SM43J_SMTR_LFS"; VariantName = "[No Variations]"
Add component (AddParameter): Name = "Package"; Value = "None"; VariantName = "[No Variations]"
Add component (AddParameter): Name = "Price"; Value = "None"; VariantName = "[No Variations]"
Add component (AddParameter): Name = "Value"; Value = ""; VariantName = "[No Variations]"
Added Component: Designator=S4(SW_PTS636_SM43J_SMTR_LFS)
Add component (AddParameter): Name = "Availability"; Value = "Unavailable"; VariantName = "[No Variations]"
Add component (AddParameter): Name = "MF"; Value = ""; VariantName = "[No Variations]"
Add component (AddParameter): Name = "MP"; Value = "PTS636_SM43J_SMTR_LFS"; VariantName = "[No Variations]"
Add component (AddParameter): Name = "Package"; Value = "None"; VariantName = "[No Variations]"
Add component (AddParameter): Name = "Price"; Value = "None"; VariantName = "[No Variations]"
Add component (AddParameter): Name = "Value"; Value = ""; VariantName = "[No Variations]"
Added Component: Designator=S5(SW_PTS636_SM43J_SMTR_LFS)
Add component (AddParameter): Name = "Availability"; Value = "Unavailable"; VariantName = "[No Variations]"
Add component (AddParameter): Name = "MF"; Value = ""; VariantName = "[No Variations]"
Add component (AddParameter): Name = "MP"; Value = "PTS636_SM43J_SMTR_LFS"; VariantName = "[No Variations]"
Add component (AddParameter): Name = "Package"; Value = "None"; VariantName = "[No Variations]"
Add component (AddParameter): Name = "Price"; Value = "None"; VariantName = "[No Variations]"
Add component (AddParameter): Name = "Value"; Value = ""; VariantName = "[No Variations]"
Added Component: Designator=S6(SW_PTS636_SM43J_SMTR_LFS)
Add component (AddParameter): Name = "Availability"; Value = "Unavailable"; VariantName = "[No Variations]"
Add component (AddParameter): Name = "MF"; Value = ""; VariantName = "[No Variations]"
Add component (AddParameter): Name = "MP"; Value = "PTS636_SM43J_SMTR_LFS"; VariantName = "[No Variations]"
Add component (AddParameter): Name = "Package"; Value = "None"; VariantName = "[No Variations]"
Add component (AddParameter): Name = "Price"; Value = "None"; VariantName = "[No Variations]"
Add component (AddParameter): Name = "Value"; Value = ""; VariantName = "[No Variations]"
Added Pin To Net: NetName=BUTTON4 Pin=S1-1
Added Pin To Net: NetName=3V3 Pin=S1-2
Added Pin To Net: NetName=GND Pin=S3-1
Added Pin To Net: NetName=RESET Pin=S3-2
Added Pin To Net: NetName=BUTTON2 Pin=S4-1
Added Pin To Net: NetName=3V3 Pin=S4-2
Added Pin To Net: NetName=3V3 Pin=S5-2
Added Pin To Net: NetName=BUTTON1 Pin=S6-1
Added Pin To Net: NetName=3V3 Pin=S6-2
Added Member To Class: ClassName=eink_r1 Member=Component C10 Cap Non-Pol SMD
Added Member To Class: ClassName=eink_r1 Member=Component C11 Cap Non-Pol SMD
Added Member To Class: ClassName=eink_r1 Member=Component C12 Cap Non-Pol SMD
Added Member To Class: ClassName=eink_r1 Member=Component C13 Cap Non-Pol SMD
Added Member To Class: ClassName=eink_r1 Member=Component C14 Cap Non-Pol SMD
Added Member To Class: ClassName=eink_r1 Member=Component S2 Tact SW - 2Pin
Added Member To Class: ClassName=eink_r1 Member=Component S3 PTS636_SM43J_SMTR_LFS
Added Member To Class: ClassName=eink_r1 Member=Component S4 PTS636_SM43J_SMTR_LFS
Added Member To Class: ClassName=eink_r1 Member=Component S5 PTS636_SM43J_SMTR_LFS
Added Member To Class: ClassName=eink_r1 Member=Component S6 PTS636_SM43J_SMTR_LFS
