Removed Pin From Net: NetName=BUTTON4 Pin=C4-1
Removed Pin From Net: NetName=3V3 Pin=C4-2
Removed Pin From Net: NetName=BUTTON1 Pin=C7-1
Removed Pin From Net: NetName=3V3 Pin=C7-2
Removed Pin From Net: NetName=BUTTON2 Pin=C8-1
Removed Pin From Net: NetName=3V3 Pin=C8-2
Removed Pin From Net: NetName=BUTTON3 Pin=C9-1
Removed Pin From Net: NetName=3V3 Pin=C9-2
Removed Pin From Net: NetName=GND Pin=R3-1
Removed Pin From Net: NetName=BUTTON4 Pin=R3-2
Removed Pin From Net: NetName=GND Pin=R7-1
Removed Pin From Net: NetName=BUTTON1 Pin=R7-2
Removed Pin From Net: NetName=GND Pin=R8-1
Removed Pin From Net: NetName=BUTTON2 Pin=R8-2
Removed Pin From Net: NetName=GND Pin=R9-1
Removed Pin From Net: NetName=BUTTON3 Pin=R9-2
Removed Pin From Net: NetName=BUTTON4 Pin=S1-1
Removed Pin From Net: NetName=3V3 Pin=S1-2
Removed Pin From Net: NetName=BUTTON2 Pin=S4-1
Removed Pin From Net: NetName=3V3 Pin=S4-2
Removed Pin From Net: NetName=BUTTON3 Pin=S5-1
Removed Pin From Net: NetName=3V3 Pin=S5-2
Removed Pin From Net: NetName=BUTTON1 Pin=S6-1
Removed Pin From Net: NetName=3V3 Pin=S6-2
Change Component Designator: OldDesignator=C5 NewDesignator=C4
Change Component Designator: OldDesignator=C6 NewDesignator=C5
Change Component Designator: OldDesignator=R6 NewDesignator=R9
Change Component Designator: OldDesignator=S2 NewDesignator=S1
Change Component Designator: OldDesignator=S3 NewDesignator=S2
Added Component: Designator=C6(CAP-SM-0603)
Add component (AddParameter): Name = "Value"; Value = "105"; VariantName = "[No Variations]"
Added Component: Designator=R6(RES-SM-0603)
Add component (AddParameter): Name = "Value"; Value = "10K"; VariantName = "[No Variations]"
Added Component: Designator=S3(SW_PTS636_SM43J_SMTR_LFS)
Add component (AddParameter): Name = "Availability"; Value = "Unavailable"; VariantName = "[No Variations]"
Add component (AddParameter): Name = "MF"; Value = ""; VariantName = "[No Variations]"
Add component (AddParameter): Name = "MP"; Value = "PTS636_SM43J_SMTR_LFS"; VariantName = "[No Variations]"
Add component (AddParameter): Name = "Package"; Value = "None"; VariantName = "[No Variations]"
Add component (AddParameter): Name = "Price"; Value = "None"; VariantName = "[No Variations]"
Add component (AddParameter): Name = "Value"; Value = ""; VariantName = "[No Variations]"
Added Pin To Net: NetName=GND Pin=C6-1
Added Pin To Net: NetName=BUTTON4 Pin=C6-2
Added Pin To Net: NetName=GND Pin=C7-1
Added Pin To Net: NetName=BUTTON1 Pin=C7-2
Added Pin To Net: NetName=GND Pin=C8-1
Added Pin To Net: NetName=BUTTON2 Pin=C8-2
Added Pin To Net: NetName=GND Pin=C9-1
Added Pin To Net: NetName=BUTTON3 Pin=C9-2
Added Pin To Net: NetName=BUTTON4 Pin=R3-1
Added Pin To Net: NetName=3V3 Pin=R3-2
Added Pin To Net: NetName=BUTTON1 Pin=R6-1
Added Pin To Net: NetName=3V3 Pin=R6-2
Added Pin To Net: NetName=BUTTON2 Pin=R7-1
Added Pin To Net: NetName=3V3 Pin=R7-2
Added Pin To Net: NetName=BUTTON3 Pin=R8-1
Added Pin To Net: NetName=3V3 Pin=R8-2
Added Pin To Net: NetName=GND Pin=S3-1
Added Pin To Net: NetName=BUTTON4 Pin=S3-2
Added Pin To Net: NetName=GND Pin=S4-1
Added Pin To Net: NetName=BUTTON1 Pin=S4-2
Added Pin To Net: NetName=GND Pin=S5-1
Added Pin To Net: NetName=BUTTON2 Pin=S5-2
Added Pin To Net: NetName=GND Pin=S6-1
Added Pin To Net: NetName=BUTTON3 Pin=S6-2
